[debug] [2023-05-10T00:59:36.886Z] ----------------------------------------------------------------------
[debug] [2023-05-10T00:59:36.888Z] Command:       C:\Program Files\nodejs\node.exe C:\Users\pc\AppData\Roaming\npm\node_modules\firebase-tools\lib\bin\firebase.js init
[debug] [2023-05-10T00:59:36.888Z] CLI Version:   11.29.1
[debug] [2023-05-10T00:59:36.888Z] Platform:      win32
[debug] [2023-05-10T00:59:36.888Z] Node Version:  v16.15.1
[debug] [2023-05-10T00:59:36.889Z] Time:          Tue May 09 2023 17:59:36 GMT-0700 (Pacific Daylight Time)
[debug] [2023-05-10T00:59:36.889Z] ----------------------------------------------------------------------
[debug] 
[debug] [2023-05-10T00:59:36.896Z] > command requires scopes: ["email","openid","https://www.googleapis.com/auth/cloudplatformprojects.readonly","https://www.googleapis.com/auth/firebase","https://www.googleapis.com/auth/cloud-platform"]
[debug] [2023-05-10T00:59:36.896Z] > authorizing via signed-in user (sandragonzales56t@gmail.com)
[info] 
     ######## #### ########  ######## ########     ###     ######  ########
     ##        ##  ##     ## ##       ##     ##  ##   ##  ##       ##
     ######    ##  ########  ######   ########  #########  ######  ######
     ##        ##  ##    ##  ##       ##     ## ##     ##       ## ##
     ##       #### ##     ## ######## ########  ##     ##  ######  ########

You're about to initialize a Firebase project in this directory:

  D:\projects\smart_contract_backend

[info] 
=== Project Setup
[info] 
[info] First, let's associate this project directory with a Firebase project.
[info] You can create multiple project aliases by running firebase use --add, 
[info] but for now we'll just set up a default project.
[info] 
[debug] [2023-05-10T00:59:55.811Z] > refreshing access token with scopes: []
[debug] [2023-05-10T00:59:55.813Z] >>> [apiv2][query] POST https://www.googleapis.com/oauth2/v3/token [none]
[debug] [2023-05-10T00:59:55.813Z] >>> [apiv2][body] POST https://www.googleapis.com/oauth2/v3/token [omitted]
[debug] [2023-05-10T00:59:56.971Z] <<< [apiv2][status] POST https://www.googleapis.com/oauth2/v3/token 200
[debug] [2023-05-10T00:59:56.971Z] <<< [apiv2][body] POST https://www.googleapis.com/oauth2/v3/token [omitted]
[debug] [2023-05-10T00:59:56.986Z] >>> [apiv2][query] GET https://firebase.googleapis.com/v1beta1/projects pageSize=100
[debug] [2023-05-10T00:59:59.083Z] <<< [apiv2][status] GET https://firebase.googleapis.com/v1beta1/projects 200
[debug] [2023-05-10T00:59:59.083Z] <<< [apiv2][body] GET https://firebase.googleapis.com/v1beta1/projects [omitted]
[info] i  Using project my-first-domain-ea766 (my first domain) 
[info] 
=== Hosting Setup
[info] 
[info] Your public directory is the folder (relative to your project directory) that
[info] will contain Hosting assets to be uploaded with firebase deploy. If you
[info] have a build process for your assets, use your build's output directory.
[info] 
